Arguments: 
  /usr/local/bin/node /usr/local/bin/yarn install

PATH: 
  /usr/local/bin:/usr/bin:/bin:/usr/sbin:/sbin

Yarn version: 
  1.7.0

Node version: 
  8.11.3

Platform: 
  darwin x64

Trace: 
  Error: https://registry.yarnpkg.com/leancloud-realtime/-/leancloud-realtime-4.2.0.tgz: ENOENT: no such file or directory, utime '/Users/reco/Library/Caches/Yarn/v1/npm-leancloud-realtime-4.2.0-c76bf5d7aa02b71255eb795f4daca2f58efb588f/dist/realtime-core.browser.js'

npm manifest: 
  {
    "name": "AfternoonGroceryStore",
    "version": "1.0.0",
    "description": "recoluan's blog",
    "main": "index.js",
    "repository": "http://recoluan.gitlab.io",
    "author": "reco_luan",
    "license": "MIT",
    "scripts": {
      "test": "echo \"Error: no test specified\" && exit 1",
      "docs:dev": "vuepress dev docs",
      "docs:build": "vuepress build docs"
    },
    "devDependencies": {
      "vuepress": "^0.14.2",
      "leancloud-storage": "^3.10.0",
      "valine": "^1.3.1"
    }
  }

yarn manifest: 
  No manifest

Lockfile: 
  No lockfile
